<?xml version="1.0" encoding="UTF-8"?>
<coverage generated="1406962265">
  <project timestamp="1406962265">
    <file name="/home/sidney/Development/NetbeansProjects/EE4-test-site-1/wp-content/plugins/EE4-members/src/Money.php">
      <class name="Money" namespace="global">
        <metrics methods="3" coveredmethods="3" conditionals="0" coveredconditionals="0" statements="4" coveredstatements="4" elements="7" coveredelements="7"/>
      </class>
      <line num="7" type="method" name="__construct" crap="1" count="1"/>
      <line num="9" type="stmt" count="1"/>
      <line num="10" type="stmt" count="1"/>
      <line num="12" type="method" name="getAmount" crap="1" count="1"/>
      <line num="14" type="stmt" count="1"/>
      <line num="17" type="method" name="negate" crap="1" count="1"/>
      <line num="19" type="stmt" count="1"/>
      <metrics loc="22" ncloc="20" classes="1" methods="3" coveredmethods="3" conditionals="0" coveredconditionals="0" statements="4" coveredstatements="4" elements="7" coveredelements="7"/>
    </file>
    <file name="/home/sidney/Development/NetbeansProjects/EE4-test-site-1/wp-content/plugins/EE4-members/src/ee4_members.php">
      <line num="27" type="stmt" count="0"/>
      <metrics loc="41" ncloc="2" classes="0" methods="0" coveredmethods="0" conditionals="0" coveredconditionals="0" statements="1" coveredstatements="0" elements="1" coveredelements="0"/>
    </file>
    <metrics files="2" loc="63" ncloc="22" classes="1" methods="3" coveredmethods="3" conditionals="0" coveredconditionals="0" statements="5" coveredstatements="4" elements="8" coveredelements="7"/>
  </project>
</coverage>
